[16-05-2022 15:22:42] DEBUG - Updates config file does not exist. Creating config.json
[16-05-2022 15:22:42] DEBUG - Updates Home Directory: /home/sumudu/.wso2-updates
[16-05-2022 15:22:42] DEBUG - Product name: wso2am
[16-05-2022 15:22:42] DEBUG - Product version: 4.0.0
[16-05-2022 15:22:42] DEBUG - Updates configurations written to /home/sumudu/.wum3/products/wso2am/4.0.0/APIM_DEPLOYER/U2_CLIENT/updates/config.json
[16-05-2022 15:22:42] DEBUG - wso2update version: 1.2.14
[16-05-2022 15:22:42] DEBUG - Executed wso2update on Mon, 16 May 2022 15:22:42 +0530

[16-05-2022 15:22:42] DEBUG - Product Directory : /home/sumudu/.wum3/products/wso2am/4.0.0/APIM_DEPLOYER/U2_CLIENT
[16-05-2022 15:22:42] DEBUG - Product Updates Directory : /home/sumudu/.wum3/products/wso2am/4.0.0/APIM_DEPLOYER/U2_CLIENT/updates
[16-05-2022 15:22:42] DEBUG - Updates home directory has been set manually
[16-05-2022 15:22:42] DEBUG - Updates home directory: /home/sumudu/.wso2-updates
[16-05-2022 15:22:42] DEBUG - Updates configurations written to /home/sumudu/.wum3/products/wso2am/4.0.0/APIM_DEPLOYER/U2_CLIENT/updates/config.json
[16-05-2022 15:22:42] INFO - Initializing updates with credentials
[16-05-2022 15:25:24] ERROR - Update tool terminated manually
[16-05-2022 15:25:55] DEBUG - wso2update version: 1.2.14
[16-05-2022 15:25:55] DEBUG - Executed wso2update on Mon, 16 May 2022 15:25:55 +0530

[16-05-2022 15:25:55] DEBUG - Product Directory : /home/sumudu/.wum3/products/wso2am/4.0.0/APIM_DEPLOYER/U2_CLIENT
[16-05-2022 15:25:55] DEBUG - Product Updates Directory : /home/sumudu/.wum3/products/wso2am/4.0.0/APIM_DEPLOYER/U2_CLIENT/updates
[16-05-2022 15:25:55] INFO - Initializing updates with credentials
[16-05-2022 15:26:13] INFO - Authenticating
[16-05-2022 15:26:13] DEBUG - Invoking WSO2 Update token API
[16-05-2022 15:26:14] DEBUG - Token invoked with status code 200.
[16-05-2022 15:26:14] DEBUG - Updates configurations written to /home/sumudu/.wum3/products/wso2am/4.0.0/APIM_DEPLOYER/U2_CLIENT/updates/config.json
[16-05-2022 15:26:14] INFO - Authenticated user sumudu@wso2.com
[16-05-2022 15:26:14] INFO - Checking for latest update tool version
[16-05-2022 15:26:14] DEBUG - Update tool download link: https://product-dist.wso2.com/downloads/update-tool/release/update.zip
[16-05-2022 15:26:14] INFO - A new update is available
[16-05-2022 15:26:14] INFO - Attempting to download and update the WSO2 Update Tool
[16-05-2022 15:26:14] DEBUG - Deleting directory /home/sumudu/.wso2-updates/updates/client
[16-05-2022 15:26:14] DEBUG - Deleting directory /home/sumudu/.wum3/products/wso2am/4.0.0/APIM_DEPLOYER/U2_CLIENT/tmp
[16-05-2022 15:26:18] DEBUG - Unarchiving /home/sumudu/.wso2-updates/updates/client/update.zip to /home/sumudu/.wso2-updates/updates/client
[16-05-2022 15:26:19] DEBUG - Deleting directory /home/sumudu/.wso2-updates/updates/client
